\BOOKMARK [1][-]{section*.1}{Lista 1}{}% 1
\BOOKMARK [2][-]{subsection*.2}{Zad 1}{section*.1}% 2
\BOOKMARK [3][-]{subsubsection*.3}{Detergent}{subsection*.2}% 3
\BOOKMARK [3][-]{subsubsection*.4}{Preference}{subsection*.2}% 4
\BOOKMARK [2][-]{subsection*.5}{Zad 2}{section*.1}% 5
\BOOKMARK [2][-]{subsection*.6}{Zad 3}{section*.1}% 6
\BOOKMARK [2][-]{subsection*.7}{Zad 4}{section*.1}% 7
\BOOKMARK [1][-]{section*.8}{Lista 2}{}% 8
\BOOKMARK [2][-]{subsection*.9}{Zad 1}{section*.8}% 9
\BOOKMARK [3][-]{subsubsection*.10}{Losowanie ze zwracaniem:}{subsection*.9}% 10
\BOOKMARK [2][-]{subsection*.11}{Zad 2}{section*.8}% 11
\BOOKMARK [3][-]{subsubsection*.12}{Propozycja algorytmu:}{subsection*.11}% 12
\BOOKMARK [2][-]{subsection*.13}{Zad 3}{section*.8}% 13
\BOOKMARK [2][-]{subsection*.14}{Zad 4}{section*.8}% 14
\BOOKMARK [1][-]{section*.15}{Lista 3}{}% 15
\BOOKMARK [2][-]{subsection*.16}{Zad 1}{section*.15}% 16
\BOOKMARK [2][-]{subsection*.17}{Por\363wnanie Rysunku 6 z Rysunkiem 8:}{section*.15}% 17
\BOOKMARK [2][-]{subsection*.18}{Por\363wnanie Rysunku 7 z Rysunkiem 9:}{section*.15}% 18
\BOOKMARK [2][-]{subsection*.19}{Zad 2}{section*.15}% 19
\BOOKMARK [3][-]{subsubsection*.20}{a\) Prawdopodobienstwo stosowania leku ibuprofen \(bez wzgledu na grupe wiekowa\)}{subsection*.19}% 20
\BOOKMARK [3][-]{subsubsection*.21}{b\) Prawdopodobienstwo stosowania leku ibuprofen przez klienta w wieku do 35 lat}{subsection*.19}% 21
\BOOKMARK [3][-]{subsubsection*.22}{c\) Prawdopodobienstwo stosowania leku apap \(bez wzgledu na grupe wiekowa\)}{subsection*.19}% 22
\BOOKMARK [3][-]{subsubsection*.23}{d\) Prawdopodobienstwo stosowania leku apap przez klienta w wieku do 35 lat}{subsection*.19}% 23
