This is pdfTeX, Version 3.14159265-2.6-1.40.20 (TeX Live 2019/Debian) (preloaded format=pdflatex 2021.10.11)  1 JUN 2022 19:06
entering extended mode
 restricted \write18 enabled.
 file:line:error style messages enabled.
 %&-line parsing enabled.
**/home/olek/semest_6/ADA/raporty/ada/sprawozdanie1/sprawozdanie1.3.tex
(/home/olek/semest_6/ADA/raporty/ada/sprawozdanie1/sprawozdanie1.3.tex
LaTeX2e <2020-02-02> patch level 2
L3 programming layer <2020-02-14> (/usr/share/texlive/texmf-dist/tex/latex/mwcls/mwart.cls
Document Class: mwart 2017/05/13 v0.75 A LaTeX document class (MW)
*** Beta version. Formatting may change
*** in future versions of this class.
(/usr/share/texlive/texmf-dist/tex/latex/mwcls/mw12.clo
File: mw12.clo 2017/05/13 v0.75 A document class size option (MW)
)
\@parindent=\dimen134
\c@part=\count167
\c@section=\count168
\c@subsection=\count169
\c@subsubsection=\count170
\c@paragraph=\count171
\c@subparagraph=\count172
\c@figure=\count173
\c@table=\count174
\abovecaptionskip=\skip47
\belowcaptionskip=\skip48
\bibindent=\dimen135
) (/usr/share/texlive/texmf-dist/tex/latex/graphics/graphicx.sty
Package: graphicx 2019/11/30 v1.2a Enhanced LaTeX Graphics (DPC,SPQR)
 (/usr/share/texlive/texmf-dist/tex/latex/graphics/keyval.sty
Package: keyval 2014/10/28 v1.15 key=value parser (DPC)
\KV@toks@=\toks14
) (/usr/share/texlive/texmf-dist/tex/latex/graphics/graphics.sty
Package: graphics 2019/11/30 v1.4a Standard LaTeX Graphics (DPC,SPQR)
 (/usr/share/texlive/texmf-dist/tex/latex/graphics/trig.sty
Package: trig 2016/01/03 v1.10 sin cos tan (DPC)
) (/usr/share/texlive/texmf-dist/tex/latex/graphics-cfg/graphics.cfg
File: graphics.cfg 2016/06/04 v1.11 sample graphics configuration
)
Package graphics Info: Driver file: pdftex.def on input line 105.
 (/usr/share/texlive/texmf-dist/tex/latex/graphics-def/pdftex.def
File: pdftex.def 2018/01/08 v1.0l Graphics/color driver for pdftex
))
\Gin@req@height=\dimen136
\Gin@req@width=\dimen137
) (/usr/share/texlive/texmf-dist/tex/latex/graphics/color.sty
Package: color 2019/11/23 v1.2a Standard LaTeX Color (DPC)
 (/usr/share/texlive/texmf-dist/tex/latex/graphics-cfg/color.cfg
File: color.cfg 2016/01/02 v1.6 sample color configuration
)
Package color Info: Driver file: pdftex.def on input line 147.
) (/usr/share/texlive/texmf-dist/tex/latex/framed/framed.sty
Package: framed 2011/10/22 v 0.96: framed or shaded text with page breaks
\OuterFrameSep=\skip49
\fb@frw=\dimen138
\fb@frh=\dimen139
\FrameRule=\dimen140
\FrameSep=\dimen141
) (/usr/share/texlive/texmf-dist/tex/latex/base/alltt.sty
Package: alltt 1997/06/16 v2.0g defines alltt environment
) (/usr/share/texlive/texmf-dist/tex/latex/base/inputenc.sty
Package: inputenc 2018/08/11 v1.3c Input encoding file
\inpenc@prehook=\toks15
\inpenc@posthook=\toks16
) (/usr/share/texlive/texmf-dist/tex/latex/polski/polski.sty
Package: polski 2017/05/04 v1.3.4 Polish language package

   Inputenc package detected. Catcodes not changed.
(/usr/share/texlive/texmf-dist/tex/latex/base/ot4enc.def
File: ot4enc.def 2020/02/11 v2.0o Standard LaTeX file
Now handling font encoding OT4 ...
... no UTF-8 mapping file for font encoding OT4
)
LaTeX Font Info:    Overwriting math alphabet `\mathbf' in version `normal'
(Font)                  OT1/cmr/bx/n --> OT4/cmr/bx/n on input line 324.
LaTeX Font Info:    Overwriting math alphabet `\mathsf' in version `normal'
(Font)                  OT1/cmss/m/n --> OT4/cmss/m/n on input line 324.
LaTeX Font Info:    Overwriting math alphabet `\mathit' in version `normal'
(Font)                  OT1/cmr/m/it --> OT4/cmr/m/it on input line 324.
LaTeX Font Info:    Overwriting math alphabet `\mathtt' in version `normal'
(Font)                  OT1/cmtt/m/n --> OT4/cmtt/m/n on input line 324.
LaTeX Font Info:    Overwriting math alphabet `\mathsf' in version `bold'
(Font)                  OT1/cmss/bx/n --> OT4/cmss/bx/n on input line 324.
LaTeX Font Info:    Overwriting math alphabet `\mathit' in version `bold'
(Font)                  OT1/cmr/bx/it --> OT4/cmr/bx/it on input line 324.
LaTeX Font Info:    Encoding `OT1' has changed to `OT4' for symbol font
(Font)              `operators' in the math version `normal' on input line 324.
LaTeX Font Info:    Overwriting symbol font `operators' in version `normal'
(Font)                  OT1/cmr/m/n --> OT4/cmr/m/n on input line 324.
LaTeX Font Info:    Overwriting symbol font `letters' in version `normal'
(Font)                  OML/cmm/m/it --> OML/plm/m/it on input line 324.
LaTeX Font Info:    Overwriting symbol font `symbols' in version `normal'
(Font)                  OMS/cmsy/m/n --> OMS/plsy/m/n on input line 324.
LaTeX Font Info:    Overwriting symbol font `largesymbols' in version `normal'
(Font)                  OMX/cmex/m/n --> OMX/plex/m/n on input line 324.
LaTeX Font Info:    Encoding `OT1' has changed to `OT4' for symbol font
(Font)              `operators' in the math version `bold' on input line 324.
LaTeX Font Info:    Overwriting symbol font `operators' in version `bold'
(Font)                  OT1/cmr/bx/n --> OT4/cmr/bx/n on input line 324.
LaTeX Font Info:    Overwriting symbol font `letters' in version `bold'
(Font)                  OML/cmm/b/it --> OML/plm/b/it on input line 324.
LaTeX Font Info:    Overwriting symbol font `symbols' in version `bold'
(Font)                  OMS/cmsy/b/n --> OMS/plsy/b/n on input line 324.
) (/usr/share/texmf/tex/latex/lm/lmodern.sty
Package: lmodern 2009/10/30 v1.6 Latin Modern Fonts
LaTeX Font Info:    Encoding `OT4' has changed to `OT1' for symbol font
(Font)              `operators' in the math version `normal' on input line 22.
LaTeX Font Info:    Overwriting symbol font `operators' in version `normal'
(Font)                  OT4/cmr/m/n --> OT1/lmr/m/n on input line 22.
LaTeX Font Info:    Overwriting symbol font `letters' in version `normal'
(Font)                  OML/plm/m/it --> OML/lmm/m/it on input line 23.
LaTeX Font Info:    Overwriting symbol font `symbols' in version `normal'
(Font)                  OMS/plsy/m/n --> OMS/lmsy/m/n on input line 24.
LaTeX Font Info:    Overwriting symbol font `largesymbols' in version `normal'
(Font)                  OMX/plex/m/n --> OMX/lmex/m/n on input line 25.
LaTeX Font Info:    Encoding `OT4' has changed to `OT1' for symbol font
(Font)              `operators' in the math version `bold' on input line 26.
LaTeX Font Info:    Overwriting symbol font `operators' in version `bold'
(Font)                  OT4/cmr/bx/n --> OT1/lmr/bx/n on input line 26.
LaTeX Font Info:    Overwriting symbol font `letters' in version `bold'
(Font)                  OML/plm/b/it --> OML/lmm/b/it on input line 27.
LaTeX Font Info:    Overwriting symbol font `symbols' in version `bold'
(Font)                  OMS/plsy/b/n --> OMS/lmsy/b/n on input line 28.
LaTeX Font Info:    Overwriting symbol font `largesymbols' in version `bold'
(Font)                  OMX/cmex/m/n --> OMX/lmex/m/n on input line 29.
LaTeX Font Info:    Overwriting math alphabet `\mathbf' in version `normal'
(Font)                  OT4/cmr/bx/n --> OT1/lmr/bx/n on input line 31.
LaTeX Font Info:    Overwriting math alphabet `\mathsf' in version `normal'
(Font)                  OT4/cmss/m/n --> OT1/lmss/m/n on input line 32.
LaTeX Font Info:    Overwriting math alphabet `\mathit' in version `normal'
(Font)                  OT4/cmr/m/it --> OT1/lmr/m/it on input line 33.
LaTeX Font Info:    Overwriting math alphabet `\mathtt' in version `normal'
(Font)                  OT4/cmtt/m/n --> OT1/lmtt/m/n on input line 34.
LaTeX Font Info:    Overwriting math alphabet `\mathbf' in version `bold'
(Font)                  OT1/cmr/bx/n --> OT1/lmr/bx/n on input line 35.
LaTeX Font Info:    Overwriting math alphabet `\mathsf' in version `bold'
(Font)                  OT4/cmss/bx/n --> OT1/lmss/bx/n on input line 36.
LaTeX Font Info:    Overwriting math alphabet `\mathit' in version `bold'
(Font)                  OT4/cmr/bx/it --> OT1/lmr/bx/it on input line 37.
LaTeX Font Info:    Overwriting math alphabet `\mathtt' in version `bold'
(Font)                  OT1/cmtt/m/n --> OT1/lmtt/m/n on input line 38.
) (/usr/share/texlive/texmf-dist/tex/latex/amsfonts/amssymb.sty
Package: amssymb 2013/01/14 v3.01 AMS font symbols
 (/usr/share/texlive/texmf-dist/tex/latex/amsfonts/amsfonts.sty
Package: amsfonts 2013/01/14 v3.01 Basic AMSFonts support
\@emptytoks=\toks17
\symAMSa=\mathgroup4
\symAMSb=\mathgroup5
LaTeX Font Info:    Redeclaring math symbol \hbar on input line 98.
LaTeX Font Info:    Overwriting math alphabet `\mathfrak' in version `bold'
(Font)                  U/euf/m/n --> U/euf/b/n on input line 106.
)) (/usr/share/texlive/texmf-dist/tex/latex/amsmath/amsmath.sty
Package: amsmath 2020/01/20 v2.17e AMS math features
\@mathmargin=\skip50

For additional information on amsmath, use the `?' option.
(/usr/share/texlive/texmf-dist/tex/latex/amsmath/amstext.sty
Package: amstext 2000/06/29 v2.01 AMS text
 (/usr/share/texlive/texmf-dist/tex/latex/amsmath/amsgen.sty
File: amsgen.sty 1999/11/30 v2.0 generic functions
\@emptytoks=\toks18
\ex@=\dimen142
)) (/usr/share/texlive/texmf-dist/tex/latex/amsmath/amsbsy.sty
Package: amsbsy 1999/11/29 v1.2d Bold Symbols
\pmbraise@=\dimen143
) (/usr/share/texlive/texmf-dist/tex/latex/amsmath/amsopn.sty
Package: amsopn 2016/03/08 v2.02 operator names
)
\inf@bad=\count175
LaTeX Info: Redefining \frac on input line 227.
\uproot@=\count176
\leftroot@=\count177
LaTeX Info: Redefining \overline on input line 389.
\classnum@=\count178
\DOTSCASE@=\count179
LaTeX Info: Redefining \ldots on input line 486.
LaTeX Info: Redefining \dots on input line 489.
LaTeX Info: Redefining \cdots on input line 610.
\Mathstrutbox@=\box45
\strutbox@=\box46
\big@size=\dimen144
LaTeX Font Info:    Redeclaring font encoding OML on input line 733.
LaTeX Font Info:    Redeclaring font encoding OMS on input line 734.
\macc@depth=\count180
\c@MaxMatrixCols=\count181
\dotsspace@=\muskip16
\c@parentequation=\count182
\dspbrk@lvl=\count183
\tag@help=\toks19
\row@=\count184
\column@=\count185
\maxfields@=\count186
\andhelp@=\toks20
\eqnshift@=\dimen145
\alignsep@=\dimen146
\tagshift@=\dimen147
\tagwidth@=\dimen148
\totwidth@=\dimen149
\lineht@=\dimen150
\@envbody=\toks21
\multlinegap=\skip51
\multlinetaggap=\skip52
\mathdisplay@stack=\toks22
LaTeX Info: Redefining \[ on input line 2859.
LaTeX Info: Redefining \] on input line 2860.
) (/usr/share/texlive/texmf-dist/tex/latex/amscls/amsthm.sty
Package: amsthm 2017/10/31 v2.20.4
\thm@style=\toks23
\thm@bodyfont=\toks24
\thm@headfont=\toks25
\thm@notefont=\toks26
\thm@headpunct=\toks27
\thm@preskip=\skip53
\thm@postskip=\skip54
\thm@headsep=\skip55
\dth@everypar=\toks28
) (/usr/share/texlive/texmf-dist/tex/latex/hyperref/hyperref.sty
Package: hyperref 2020/01/14 v7.00d Hypertext links for LaTeX
 (/usr/share/texlive/texmf-dist/tex/generic/ltxcmds/ltxcmds.sty
Package: ltxcmds 2019/12/15 v1.24 LaTeX kernel commands for general use (HO)
) (/usr/share/texlive/texmf-dist/tex/generic/iftex/iftex.sty
Package: iftex 2019/11/07 v1.0c TeX engine tests
) (/usr/share/texlive/texmf-dist/tex/latex/pdftexcmds/pdftexcmds.sty
Package: pdftexcmds 2019/11/24 v0.31 Utility functions of pdfTeX for LuaTeX (HO)
 (/usr/share/texlive/texmf-dist/tex/generic/infwarerr/infwarerr.sty
Package: infwarerr 2019/12/03 v1.5 Providing info/warning/error messages (HO)
)
Package pdftexcmds Info: \pdf@primitive is available.
Package pdftexcmds Info: \pdf@ifprimitive is available.
Package pdftexcmds Info: \pdfdraftmode found.
) (/usr/share/texlive/texmf-dist/tex/generic/kvsetkeys/kvsetkeys.sty
Package: kvsetkeys 2019/12/15 v1.18 Key value parser (HO)
) (/usr/share/texlive/texmf-dist/tex/generic/kvdefinekeys/kvdefinekeys.sty
Package: kvdefinekeys 2019-12-19 v1.6 Define keys (HO)
) (/usr/share/texlive/texmf-dist/tex/generic/pdfescape/pdfescape.sty
Package: pdfescape 2019/12/09 v1.15 Implements pdfTeX's escape features (HO)
) (/usr/share/texlive/texmf-dist/tex/latex/hycolor/hycolor.sty
Package: hycolor 2020-01-27 v1.10 Color options for hyperref/bookmark (HO)
) (/usr/share/texlive/texmf-dist/tex/latex/letltxmacro/letltxmacro.sty
Package: letltxmacro 2019/12/03 v1.6 Let assignment for LaTeX macros (HO)
) (/usr/share/texlive/texmf-dist/tex/latex/auxhook/auxhook.sty
Package: auxhook 2019-12-17 v1.6 Hooks for auxiliary files (HO)
) (/usr/share/texlive/texmf-dist/tex/latex/kvoptions/kvoptions.sty
Package: kvoptions 2019/11/29 v3.13 Key value format for package options (HO)
)
\@linkdim=\dimen151
\Hy@linkcounter=\count187
\Hy@pagecounter=\count188
 (/usr/share/texlive/texmf-dist/tex/latex/hyperref/pd1enc.def
File: pd1enc.def 2020/01/14 v7.00d Hyperref: PDFDocEncoding definition (HO)
Now handling font encoding PD1 ...
... no UTF-8 mapping file for font encoding PD1
) (/usr/share/texlive/texmf-dist/tex/generic/intcalc/intcalc.sty
Package: intcalc 2019/12/15 v1.3 Expandable calculations with integers (HO)
) (/usr/share/texlive/texmf-dist/tex/generic/etexcmds/etexcmds.sty
Package: etexcmds 2019/12/15 v1.7 Avoid name clashes with e-TeX commands (HO)
)
\Hy@SavedSpaceFactor=\count189
\pdfmajorversion=\count190
Package hyperref Info: Hyper figures OFF on input line 4547.
Package hyperref Info: Link nesting OFF on input line 4552.
Package hyperref Info: Hyper index ON on input line 4555.
Package hyperref Info: Plain pages OFF on input line 4562.
Package hyperref Info: Backreferencing OFF on input line 4567.
Package hyperref Info: Implicit mode ON; LaTeX internals redefined.
Package hyperref Info: Bookmarks ON on input line 4800.
\c@Hy@tempcnt=\count191
 (/usr/share/texlive/texmf-dist/tex/latex/url/url.sty
\Urlmuskip=\muskip17
Package: url 2013/09/16  ver 3.4  Verb mode for urls, etc.
)
LaTeX Info: Redefining \url on input line 5159.
\XeTeXLinkMargin=\dimen152
 (/usr/share/texlive/texmf-dist/tex/generic/bitset/bitset.sty
Package: bitset 2019/12/09 v1.3 Handle bit-vector datatype (HO)
 (/usr/share/texlive/texmf-dist/tex/generic/bigintcalc/bigintcalc.sty
Package: bigintcalc 2019/12/15 v1.5 Expandable calculations on big integers (HO)
))
\Fld@menulength=\count192
\Field@Width=\dimen153
\Fld@charsize=\dimen154
Package hyperref Info: Hyper figures OFF on input line 6430.
Package hyperref Info: Link nesting OFF on input line 6435.
Package hyperref Info: Hyper index ON on input line 6438.
Package hyperref Info: backreferencing OFF on input line 6445.
Package hyperref Info: Link coloring OFF on input line 6450.
Package hyperref Info: Link coloring with OCG OFF on input line 6455.
Package hyperref Info: PDF/A mode OFF on input line 6460.
LaTeX Info: Redefining \ref on input line 6500.
LaTeX Info: Redefining \pageref on input line 6504.
 (/usr/share/texlive/texmf-dist/tex/generic/atbegshi/atbegshi.sty
Package: atbegshi 2019/12/05 v1.19 At begin shipout hook (HO)
)
\Hy@abspage=\count193
\c@Item=\count194
\c@Hfootnote=\count195
)
Package hyperref Info: Driver (autodetected): hpdftex.
 (/usr/share/texlive/texmf-dist/tex/latex/hyperref/hpdftex.def
File: hpdftex.def 2020/01/14 v7.00d Hyperref driver for pdfTeX
 (/usr/share/texlive/texmf-dist/tex/latex/atveryend/atveryend.sty
Package: atveryend 2019-12-11 v1.11 Hooks at the very end of document (HO)
Package atveryend Info: \enddocument detected (standard20110627).
)
\Fld@listcount=\count196
\c@bookmark@seq@number=\count197
 (/usr/share/texlive/texmf-dist/tex/latex/rerunfilecheck/rerunfilecheck.sty
Package: rerunfilecheck 2019/12/05 v1.9 Rerun checks for auxiliary files (HO)
 (/usr/share/texlive/texmf-dist/tex/generic/uniquecounter/uniquecounter.sty
Package: uniquecounter 2019/12/15 v1.4 Provide unlimited unique counter (HO)
)
Package uniquecounter Info: New unique counter `rerunfilecheck' on input line 286.
)
\Hy@SectionHShift=\skip56
) (/usr/share/texlive/texmf-dist/tex/latex/float/float.sty
Package: float 2001/11/08 v1.3d Float enhancements (AL)
\c@float@type=\count198
\float@exts=\toks29
\float@box=\box47
\@float@everytoks=\toks30
\@floatcapt=\box48
) (/usr/share/texlive/texmf-dist/tex/latex/upquote/upquote.sty
Package: upquote 2012/04/19 v1.3 upright-quote and grave-accent glyphs in verbatim
 (/usr/share/texlive/texmf-dist/tex/latex/base/textcomp.sty
Package: textcomp 2020/02/02 v2.0n Standard LaTeX package
)) (/usr/share/texlive/texmf-dist/tex/latex/l3backend/l3backend-pdfmode.def
File: l3backend-pdfmode.def 2020-02-03 L3 backend support: PDF mode
\l__kernel_color_stack_int=\count199
\l__pdf_internal_box=\box49
) (/home/olek/semest_6/ADA/raporty/ada/sprawozdanie1/sprawozdanie1.3.aux)
\openout1 = `sprawozdanie1.3.aux'.

LaTeX Font Info:    Checking defaults for OML/cmm/m/it on input line 68.
LaTeX Font Info:    ... okay on input line 68.
LaTeX Font Info:    Checking defaults for OMS/cmsy/m/n on input line 68.
LaTeX Font Info:    ... okay on input line 68.
LaTeX Font Info:    Checking defaults for OT1/cmr/m/n on input line 68.
LaTeX Font Info:    ... okay on input line 68.
LaTeX Font Info:    Checking defaults for T1/cmr/m/n on input line 68.
LaTeX Font Info:    ... okay on input line 68.
LaTeX Font Info:    Checking defaults for TS1/cmr/m/n on input line 68.
LaTeX Font Info:    ... okay on input line 68.
LaTeX Font Info:    Checking defaults for OMX/cmex/m/n on input line 68.
LaTeX Font Info:    ... okay on input line 68.
LaTeX Font Info:    Checking defaults for U/cmr/m/n on input line 68.
LaTeX Font Info:    ... okay on input line 68.
LaTeX Font Info:    Checking defaults for OT4/cmr/m/n on input line 68.
LaTeX Font Info:    Trying to load font information for OT4+cmr on input line 68.
 (/usr/share/texlive/texmf-dist/tex/latex/polski/ot4cmr.fd
File: ot4cmr.fd 2008/02/24 v1.2.1 Font defs for fonts PL (MW)
)
LaTeX Font Info:    ... okay on input line 68.
LaTeX Font Info:    Checking defaults for PD1/pdf/m/n on input line 68.
LaTeX Font Info:    ... okay on input line 68.
LaTeX Font Info:    Trying to load font information for T1+lmr on input line 68.
 (/usr/share/texmf/tex/latex/lm/t1lmr.fd
File: t1lmr.fd 2009/10/30 v1.6 Font defs for Latin Modern
) (/usr/share/texlive/texmf-dist/tex/context/base/mkii/supp-pdf.mkii
[Loading MPS to PDF converter (version 2006.09.02).]
\scratchcounter=\count266
\scratchdimen=\dimen155
\scratchbox=\box50
\nofMPsegments=\count267
\nofMParguments=\count268
\everyMPshowfont=\toks31
\MPscratchCnt=\count269
\MPscratchDim=\dimen156
\MPnumerator=\count270
\makeMPintoPDFobject=\count271
\everyMPtoPDFconversion=\toks32
) (/usr/share/texlive/texmf-dist/tex/latex/epstopdf-pkg/epstopdf-base.sty
Package: epstopdf-base 2020-01-24 v2.11 Base part for package epstopdf
Package epstopdf-base Info: Redefining graphics rule for `.eps' on input line 485.
 (/usr/share/texlive/texmf-dist/tex/latex/latexconfig/epstopdf-sys.cfg
File: epstopdf-sys.cfg 2010/07/13 v1.3 Configuration of (r)epstopdf for TeX Live
))
\AtBeginShipoutBox=\box51
Package hyperref Info: Link coloring OFF on input line 68.
 (/usr/share/texlive/texmf-dist/tex/latex/hyperref/nameref.sty
Package: nameref 2019/09/16 v2.46 Cross-referencing by name of section
 (/usr/share/texlive/texmf-dist/tex/latex/refcount/refcount.sty
Package: refcount 2019/12/15 v3.6 Data extraction from label references (HO)
) (/usr/share/texlive/texmf-dist/tex/generic/gettitlestring/gettitlestring.sty
Package: gettitlestring 2019/12/15 v1.6 Cleanup title references (HO)
)
\c@section@level=\count272
)
LaTeX Info: Redefining \ref on input line 68.
LaTeX Info: Redefining \pageref on input line 68.
LaTeX Info: Redefining \nameref on input line 68.
 (/home/olek/semest_6/ADA/raporty/ada/sprawozdanie1/sprawozdanie1.3.out) (/home/olek/semest_6/ADA/raporty/ada/sprawozdanie1/sprawozdanie1.3.out)
\@outlinefile=\write3
\openout3 = `sprawozdanie1.3.out'.

LaTeX Font Info:    Trying to load font information for OT1+lmr on input line 70.
 (/usr/share/texmf/tex/latex/lm/ot1lmr.fd
File: ot1lmr.fd 2009/10/30 v1.6 Font defs for Latin Modern
)
LaTeX Font Info:    Trying to load font information for OML+lmm on input line 70.
 (/usr/share/texmf/tex/latex/lm/omllmm.fd
File: omllmm.fd 2009/10/30 v1.6 Font defs for Latin Modern
)
LaTeX Font Info:    Trying to load font information for OMS+lmsy on input line 70.
 (/usr/share/texmf/tex/latex/lm/omslmsy.fd
File: omslmsy.fd 2009/10/30 v1.6 Font defs for Latin Modern
)
LaTeX Font Info:    Trying to load font information for OMX+lmex on input line 70.
 (/usr/share/texmf/tex/latex/lm/omxlmex.fd
File: omxlmex.fd 2009/10/30 v1.6 Font defs for Latin Modern
)
LaTeX Font Info:    External font `lmex10' loaded for size
(Font)              <12> on input line 70.
LaTeX Font Info:    External font `lmex10' loaded for size
(Font)              <8> on input line 70.
LaTeX Font Info:    External font `lmex10' loaded for size
(Font)              <6> on input line 70.
LaTeX Font Info:    Trying to load font information for U+msa on input line 70.
 (/usr/share/texlive/texmf-dist/tex/latex/amsfonts/umsa.fd
File: umsa.fd 2013/01/14 v3.01 AMS symbols A
)
LaTeX Font Info:    Trying to load font information for U+msb on input line 70.
 (/usr/share/texlive/texmf-dist/tex/latex/amsfonts/umsb.fd
File: umsb.fd 2013/01/14 v3.01 AMS symbols B
)
Package color Info: Redefining color shadecolor on input line 78.
LaTeX Font Info:    Trying to load font information for T1+lmtt on input line 79.
 (/usr/share/texmf/tex/latex/lm/t1lmtt.fd
File: t1lmtt.fd 2009/10/30 v1.6 Font defs for Latin Modern
)
LaTeX Font Info:    Font shape `T1/lmtt/bx/n' in size <10.95> not available
(Font)              Font shape `T1/lmtt/b/n' tried instead on input line 80.
 [1

{/var/lib/texmf/fonts/map/pdftex/updmap/pdftex.map}]
Package color Info: Redefining color shadecolor on input line 129.

Overfull \hbox (2.81493pt too wide) in paragraph at lines 131--131
[][]\T1/lmtt/m/it/10.95 # Detergent.df %>% group_by(Preference) %>% summarise(n = sum(Freq))[][] 
 []

LaTeX Font Info:    Font shape `T1/lmtt/bx/n' in size <12> not available
(Font)              Font shape `T1/lmtt/b/n' tried instead on input line 168.
Package color Info: Redefining color shadecolor on input line 182.

Overfull \hbox (55.35013pt too wide) in paragraph at lines 184--184
[][]\T1/lmtt/b/n/12 ftable[][]\T1/lmtt/m/n/12 (Detergent,[] []col.vars[] []=[] []"Temperature"[][],[] []row.vars[] []=[] []"Water_softness"[][])[][] 
 []


Overfull \hbox (32.3999pt too wide) in paragraph at lines 194--194
[][]\T1/lmtt/b/n/12 structable[][]\T1/lmtt/m/n/12 (Temperature[] []~[] []Water_softness, Detergent)[] []%>%[] []\T1/lmtt/b/n/12 addmargins[][]\T1/lmtt/m/n/12 ()[][] 
 []

[2]
Package color Info: Redefining color shadecolor on input line 210.
<figure/fig_1-1.pdf, id=113, 433.62pt x 144.54pt>
File: figure/fig_1-1.pdf Graphic file (type pdf)
<use figure/fig_1-1.pdf>
Package pdftex.def Info: figure/fig_1-1.pdf  used on input line 217.
(pdftex.def)             Requested size: 390.0pt x 130.00537pt.
Package color Info: Redefining color shadecolor on input line 222.
<figure/fig_2-1.pdf, id=114, 505.89pt x 325.215pt>
File: figure/fig_2-1.pdf Graphic file (type pdf)
<use figure/fig_2-1.pdf>
Package pdftex.def Info: figure/fig_2-1.pdf  used on input line 228.
(pdftex.def)             Requested size: 390.0pt x 250.71902pt.

Underfull \vbox (badness 10000) has occurred while \output is active []

 [3pdfTeX warning (ext4): destination with the same identifier (name{figure.1}) has been already used, duplicate ignored

\AtBegShi@Output ...ipout \box \AtBeginShipoutBox 
                                                  \fi \fi 
l.230 
       </home/olek/semest_6/ADA/raporty/ada/sprawozdanie1/figure/fig_1-1.pdf>]
Package color Info: Redefining color shadecolor on input line 235.
<figure/fig_3-1.pdf, id=127, 433.62pt x 216.81pt>
File: figure/fig_3-1.pdf Graphic file (type pdf)
<use figure/fig_3-1.pdf>
Package pdftex.def Info: figure/fig_3-1.pdf  used on input line 241.
(pdftex.def)             Requested size: 390.0pt x 195.00809pt.
Package color Info: Redefining color shadecolor on input line 246.
 [4pdfTeX warning (ext4): destination with the same identifier (name{figure.2}) has been already used, duplicate ignored

\AtBegShi@Output ...ipout \box \AtBeginShipoutBox 
                                                  \fi \fi 
l.246 ....969, 0.969}\color{fgcolor}\begin{kframe}
                                                  pdfTeX warning (ext4): destination with the same identifier (name{figure.3}) has been already used, duplicate ignored

\AtBegShi@Output ...ipout \box \AtBeginShipoutBox 
                                                  \fi \fi 
l.246 ....969, 0.969}\color{fgcolor}\begin{kframe}
                                                   </home/olek/semest_6/ADA/raporty/ada/sprawozdanie1/figure/fig_2-1.pdf> </home/olek/semest_6/ADA/raporty/ada/sprawozdanie1/figure/fig_3-1.pdf>]
<figure/fig_4-1.pdf, id=145, 433.62pt x 216.81pt>
File: figure/fig_4-1.pdf Graphic file (type pdf)
<use figure/fig_4-1.pdf>
Package pdftex.def Info: figure/fig_4-1.pdf  used on input line 252.
(pdftex.def)             Requested size: 390.0pt x 195.00809pt.
Package color Info: Redefining color shadecolor on input line 257.
<figure/fig_5-1.pdf, id=146, 433.62pt x 216.81pt>
File: figure/fig_5-1.pdf Graphic file (type pdf)
<use figure/fig_5-1.pdf>
Package pdftex.def Info: figure/fig_5-1.pdf  used on input line 263.
(pdftex.def)             Requested size: 390.0pt x 195.00809pt.
Package color Info: Redefining color shadecolor on input line 275.

Underfull \hbox (badness 10000) in paragraph at lines 270--275

 []

[5pdfTeX warning (ext4): destination with the same identifier (name{figure.4}) has been already used, duplicate ignored

\AtBegShi@Output ...ipout \box \AtBeginShipoutBox 
                                                  \fi \fi 
l.275 ....969, 0.969}\color{fgcolor}\begin{kframe}
                                                  pdfTeX warning (ext4): destination with the same identifier (name{figure.5}) has been already used, duplicate ignored

\AtBegShi@Output ...ipout \box \AtBeginShipoutBox 
                                                  \fi \fi 
l.275 ....969, 0.969}\color{fgcolor}\begin{kframe}
                                                   </home/olek/semest_6/ADA/raporty/ada/sprawozdanie1/figure/fig_4-1.pdf> </home/olek/semest_6/ADA/raporty/ada/sprawozdanie1/figure/fig_5-1.pdf>]
Overfull \hbox (48.42522pt too wide) in paragraph at lines 286--286
[]\T1/lmtt/m/n/12 ##                    mpg cyl disp  hp drat    wt  qsec vs am gear carb[] 
 []


Overfull \hbox (48.3832pt too wide) in paragraph at lines 286--286
[]\T1/lmtt/m/n/12 ## Mazda RX4         21.0   6  160 110 3.90 2.620 16.46  0  1    4    4[] 
 []


Overfull \hbox (48.4042pt too wide) in paragraph at lines 286--286
[]\T1/lmtt/m/n/12 ## Mazda RX4 Wag     21.0   6  160 110 3.90 2.875 17.02  0  1    4    4[] 
 []


Overfull \hbox (48.41121pt too wide) in paragraph at lines 286--286
[]\T1/lmtt/m/n/12 ## Datsun 710        22.8   4  108  93 3.85 2.320 18.61  1  1    4    1[] 
 []


Overfull \hbox (48.41121pt too wide) in paragraph at lines 286--286
[]\T1/lmtt/m/n/12 ## Hornet 4 Drive    21.4   6  258 110 3.08 3.215 19.44  1  0    3    1[] 
 []


Overfull \hbox (48.41821pt too wide) in paragraph at lines 286--286
[]\T1/lmtt/m/n/12 ## Hornet Sportabout 18.7   8  360 175 3.15 3.440 17.02  0  0    3    2[] 
 []

Package color Info: Redefining color shadecolor on input line 292.

Overfull \hbox (0.77498pt too wide) in paragraph at lines 294--294
[][]\T1/lmtt/m/n/12 ind[] []<-[] []\T1/lmtt/b/n/12 sample[][]\T1/lmtt/m/n/12 ([][]x[][]=[][]\T1/lmtt/b/n/12 nrow[][]\T1/lmtt/m/n/12 (mtcars),[][]size[][]=[][]\T1/lmtt/b/n/12 nrow[][]\T1/lmtt/m/n/12 (mtcars)[][]/[][]10[][],[][]replace[][]=[][]TRUE[][])[][] 
 []

Package color Info: Redefining color shadecolor on input line 300.
Package color Info: Redefining color shadecolor on input line 311.

Overfull \hbox (18.16008pt too wide) in paragraph at lines 320--320
[]\T1/lmtt/m/n/10.95 ##                    mpg cyl  disp  hp drat   wt  qsec vs am gear carb[] 
 []


Overfull \hbox (18.16008pt too wide) in paragraph at lines 320--320
[]\T1/lmtt/m/n/10.95 ## Hornet Sportabout 18.7   8 360.0 175 3.15 3.44 17.02  0  0    3    2[] 
 []


Overfull \hbox (18.16008pt too wide) in paragraph at lines 320--320
[]\T1/lmtt/m/n/10.95 ## Merc 230          22.8   4 140.8  95 3.92 3.15 22.90  1  0    4    2[] 
 []


Overfull \hbox (18.16008pt too wide) in paragraph at lines 320--320
[]\T1/lmtt/m/n/10.95 ## Ford Pantera L    15.8   8 351.0 264 4.22 3.17 14.50  0  1    5    4[] 
 []

Package color Info: Redefining color shadecolor on input line 325.

Overfull \hbox (6.94998pt too wide) in paragraph at lines 327--327
[][]\T1/lmtt/m/n/12 ind[] []<-[] []\T1/lmtt/b/n/12 sample[][]\T1/lmtt/m/n/12 ([][]x[][]=[][]\T1/lmtt/b/n/12 nrow[][]\T1/lmtt/m/n/12 (mtcars),[][]size[][]=[][]\T1/lmtt/b/n/12 nrow[][]\T1/lmtt/m/n/12 (mtcars)[][]/[][]10[][],[][]replace[][]=[][]FALSE[][])[][] 
 []

Package color Info: Redefining color shadecolor on input line 333.
Package color Info: Redefining color shadecolor on input line 344.
[6]
Overfull \hbox (29.65755pt too wide) in paragraph at lines 353--353
[]\T1/lmtt/m/n/10.95 ##                     mpg cyl  disp  hp drat    wt  qsec vs am gear carb[] 
 []


Overfull \hbox (29.65755pt too wide) in paragraph at lines 353--353
[]\T1/lmtt/m/n/10.95 ## Cadillac Fleetwood 10.4   8 472.0 205 2.93 5.250 17.98  0  0    3    4[] 
 []


Overfull \hbox (29.65755pt too wide) in paragraph at lines 353--353
[]\T1/lmtt/m/n/10.95 ## Lotus Europa       30.4   4  95.1 113 3.77 1.513 16.90  1  1    5    2[] 
 []


Overfull \hbox (29.65755pt too wide) in paragraph at lines 353--353
[]\T1/lmtt/m/n/10.95 ## Toyota Corona      21.5   4 120.1  97 3.70 2.465 20.01  1  0    3    1[] 
 []

[7]
Underfull \hbox (badness 10000) in paragraph at lines 365--367

 []

Package color Info: Redefining color shadecolor on input line 372.
Package color Info: Redefining color shadecolor on input line 388.
Package color Info: Redefining color shadecolor on input line 407.
[8]
Underfull \hbox (badness 10000) in paragraph at lines 426--427

 []


Underfull \hbox (badness 10000) in paragraph at lines 428--430

 []


Underfull \hbox (badness 10000) in paragraph at lines 434--436

 []

Package color Info: Redefining color shadecolor on input line 440.
Package color Info: Redefining color shadecolor on input line 460.
Package color Info: Redefining color shadecolor on input line 484.
[9]
Package color Info: Redefining color shadecolor on input line 496.
 [10]
Package color Info: Redefining color shadecolor on input line 513.
<ankieta1.png, id=200, 587.94656pt x 508.90125pt>
File: ankieta1.png Graphic file (type png)
<use ankieta1.png>
Package pdftex.def Info: ankieta1.png  used on input line 514.
(pdftex.def)             Requested size: 390.0pt x 337.56868pt.
Package color Info: Redefining color shadecolor on input line 519.
<ankieta2.png, id=201, 429.10312pt x 88.07906pt>
File: ankieta2.png Graphic file (type png)
<use ankieta2.png>
Package pdftex.def Info: ankieta2.png  used on input line 520.
(pdftex.def)             Requested size: 390.0pt x 80.05394pt.

Underfull \hbox (badness 10000) in paragraph at lines 509--527

 []


Underfull \hbox (badness 10000) in paragraph at lines 509--527

 []


Underfull \hbox (badness 10000) in paragraph at lines 509--527

 []


Underfull \hbox (badness 10000) in paragraph at lines 509--527

 []


Underfull \vbox (badness 1303) has occurred while \output is active []

 [11 </home/olek/semest_6/ADA/raporty/ada/sprawozdanie1/ankieta1.png> </home/olek/semest_6/ADA/raporty/ada/sprawozdanie1/ankieta2.png>]
Underfull \hbox (badness 10000) in paragraph at lines 529--530

 []

Package color Info: Redefining color shadecolor on input line 535.

Underfull \hbox (badness 10000) in paragraph at lines 531--535

 []


Overfull \hbox (0.52501pt too wide) in paragraph at lines 572--572
[]                  []\T1/lmtt/b/n/12 mean[][]\T1/lmtt/m/n/12 (wilson_l),[] []\T1/lmtt/b/n/12 mean[][]\T1/lmtt/m/n/12 (axact_l),[] []\T1/lmtt/b/n/12 mean[][]\T1/lmtt/m/n/12 (asymp_l))[][] 
 []

[12]
Package color Info: Redefining color shadecolor on input line 581.
Package color Info: Redefining color shadecolor on input line 591.
Package color Info: Redefining color shadecolor on input line 612.
 [13]
Package color Info: Redefining color shadecolor on input line 631.
<figure/fig_6-1.pdf, id=215, 722.7pt x 433.62pt>
File: figure/fig_6-1.pdf Graphic file (type pdf)
<use figure/fig_6-1.pdf>
Package pdftex.def Info: figure/fig_6-1.pdf  used on input line 638.
(pdftex.def)             Requested size: 390.0pt x 233.99913pt.
Package color Info: Redefining color shadecolor on input line 643.
<figure/fig_7-1.pdf, id=216, 722.7pt x 433.62pt>
File: figure/fig_7-1.pdf Graphic file (type pdf)
<use figure/fig_7-1.pdf>
Package pdftex.def Info: figure/fig_7-1.pdf  used on input line 650.
(pdftex.def)             Requested size: 390.0pt x 233.99913pt.

Underfull \vbox (badness 10000) has occurred while \output is active []

 [14pdfTeX warning (ext4): destination with the same identifier (name{figure.6}) has been already used, duplicate ignored

\AtBegShi@Output ...ipout \box \AtBeginShipoutBox 
                                                  \fi \fi 
l.652 
       </home/olek/semest_6/ADA/raporty/ada/sprawozdanie1/figure/fig_6-1.pdf>]
Package color Info: Redefining color shadecolor on input line 657.
<figure/fig_8-1.pdf, id=228, 722.7pt x 433.62pt>
File: figure/fig_8-1.pdf Graphic file (type pdf)
<use figure/fig_8-1.pdf>
Package pdftex.def Info: figure/fig_8-1.pdf  used on input line 658.
(pdftex.def)             Requested size: 390.0pt x 233.99913pt.
Package color Info: Redefining color shadecolor on input line 663.
<figure/fig_9-1.pdf, id=229, 722.7pt x 433.62pt>
File: figure/fig_9-1.pdf Graphic file (type pdf)
<use figure/fig_9-1.pdf>
Package pdftex.def Info: figure/fig_9-1.pdf  used on input line 664.
(pdftex.def)             Requested size: 390.0pt x 233.99913pt.

Underfull \vbox (badness 2376) has occurred while \output is active []

 [15pdfTeX warning (ext4): destination with the same identifier (name{figure.7}) has been already used, duplicate ignored

\AtBegShi@Output ...ipout \box \AtBeginShipoutBox 
                                                  \fi \fi 
l.666 
      pdfTeX warning (ext4): destination with the same identifier (name{figure.8}) has been already used, duplicate ignored

\AtBegShi@Output ...ipout \box \AtBeginShipoutBox 
                                                  \fi \fi 
l.666 
       </home/olek/semest_6/ADA/raporty/ada/sprawozdanie1/figure/fig_7-1.pdf> </home/olek/semest_6/ADA/raporty/ada/sprawozdanie1/figure/fig_8-1.pdf>]
Package color Info: Redefining color shadecolor on input line 671.
<figure/fig_10-1.pdf, id=250, 505.89pt x 505.89pt>
File: figure/fig_10-1.pdf Graphic file (type pdf)
<use figure/fig_10-1.pdf>
Package pdftex.def Info: figure/fig_10-1.pdf  used on input line 672.
(pdftex.def)             Requested size: 195.0pt x 195.00368pt.
<figure/fig_10-2.pdf, id=251, 505.89pt x 505.89pt>
File: figure/fig_10-2.pdf Graphic file (type pdf)
<use figure/fig_10-2.pdf>
Package pdftex.def Info: figure/fig_10-2.pdf  used on input line 673.
(pdftex.def)             Requested size: 195.0pt x 195.00368pt.

Overfull \hbox (2.61107pt too wide) in paragraph at lines 672--673
[][] []
 []

[16pdfTeX warning (ext4): destination with the same identifier (name{figure.9}) has been already used, duplicate ignored

\AtBegShi@Output ...ipout \box \AtBeginShipoutBox 
                                                  \fi \fi 
l.677 \newpage
              pdfTeX warning (ext4): destination with the same identifier (name{figure.10}) has been already used, duplicate ignored

\AtBegShi@Output ...ipout \box \AtBeginShipoutBox 
                                                  \fi \fi 
l.677 \newpage
               </home/olek/semest_6/ADA/raporty/ada/sprawozdanie1/figure/fig_9-1.pdf> </home/olek/semest_6/ADA/raporty/ada/sprawozdanie1/figure/fig_10-1.pdf> </home/olek/semest_6/ADA/raporty/ada/sprawozdanie1/figure/fig_10-2.pdf>]
Package color Info: Redefining color shadecolor on input line 680.
<figure/fig_11-1.pdf, id=278, 505.89pt x 505.89pt>
File: figure/fig_11-1.pdf Graphic file (type pdf)
<use figure/fig_11-1.pdf>
Package pdftex.def Info: figure/fig_11-1.pdf  used on input line 681.
(pdftex.def)             Requested size: 195.0pt x 195.00368pt.
<figure/fig_11-2.pdf, id=279, 505.89pt x 505.89pt>
File: figure/fig_11-2.pdf Graphic file (type pdf)
<use figure/fig_11-2.pdf>
Package pdftex.def Info: figure/fig_11-2.pdf  used on input line 682.
(pdftex.def)             Requested size: 195.0pt x 195.00368pt.

Overfull \hbox (2.61107pt too wide) in paragraph at lines 681--682
[][] []
 []


Overfull \hbox (0.58344pt too wide) in paragraph at lines 687--689
\T1/lmr/m/n/12 Jak mo-»e-my zo-ba-czy¢ z po-wy»-szych wy-kre-sów, prze-dzia-ªy Cloppera-Pearsona
 []

[17pdfTeX warning (ext4): destination with the same identifier (name{figure.11}) has been already used, duplicate ignored

\AtBegShi@Output ...ipout \box \AtBeginShipoutBox 
                                                  \fi \fi 
l.690 \newpage
               </home/olek/semest_6/ADA/raporty/ada/sprawozdanie1/figure/fig_11-1.pdf> </home/olek/semest_6/ADA/raporty/ada/sprawozdanie1/figure/fig_11-2.pdf>]
Underfull \hbox (badness 10000) in paragraph at lines 692--695

 []


Overfull \hbox (2.31764pt too wide) in paragraph at lines 692--695
\T1/lmr/m/n/12 Do wy-bo-ru naj-lep-szych prze-dzia-ªów uf-no-±ci sto-su-je-my funk-cj¦ $\OML/lmm/m/it/12 binom:confint$\T1/lmr/m/n/12 .
 []


Underfull \hbox (badness 10000) in paragraph at lines 692--695

 []

Package color Info: Redefining color shadecolor on input line 697.
Package color Info: Redefining color shadecolor on input line 721.
[18]
Package color Info: Redefining color shadecolor on input line 736.

Overfull \hbox (18.16008pt too wide) in paragraph at lines 755--755
[]\T1/lmtt/m/n/10.95 ##           method x  n        mean        lower      upper         ls[] 
 []


Overfull \hbox (18.16008pt too wide) in paragraph at lines 755--755
[]\T1/lmtt/m/n/10.95 ## 1  agresti-coull 0 90 0.000000000 -0.008180285 0.04911591 0.05729620[] 
 []


Overfull \hbox (18.16008pt too wide) in paragraph at lines 755--755
[]\T1/lmtt/m/n/10.95 ## 2     asymptotic 0 90 0.000000000  0.000000000 0.00000000 0.00000000[] 
 []


Overfull \hbox (18.16008pt too wide) in paragraph at lines 755--755
[]\T1/lmtt/m/n/10.95 ## 3          bayes 0 90 0.005494505  0.000000000 0.02105727 0.02105727[] 
 []


Overfull \hbox (18.16008pt too wide) in paragraph at lines 755--755
[]\T1/lmtt/m/n/10.95 ## 4        cloglog 0 90 0.000000000  0.000000000 0.04015892 0.04015892[] 
 []


Overfull \hbox (18.16008pt too wide) in paragraph at lines 755--755
[]\T1/lmtt/m/n/10.95 ## 5          exact 0 90 0.000000000  0.000000000 0.04015892 0.04015892[] 
 []


Overfull \hbox (18.16008pt too wide) in paragraph at lines 755--755
[]\T1/lmtt/m/n/10.95 ## 6          logit 0 90 0.000000000  0.000000000 0.04015892 0.04015892[] 
 []


Overfull \hbox (18.16008pt too wide) in paragraph at lines 755--755
[]\T1/lmtt/m/n/10.95 ## 7         probit 0 90 0.000000000  0.000000000 0.04015892 0.04015892[] 
 []


Overfull \hbox (18.16008pt too wide) in paragraph at lines 755--755
[]\T1/lmtt/m/n/10.95 ## 8        profile 0 90 0.000000000  0.000000000 0.03652208 0.03652208[] 
 []


Overfull \hbox (18.16008pt too wide) in paragraph at lines 755--755
[]\T1/lmtt/m/n/10.95 ## 9            lrt 0 90 0.000000000  0.000000000 0.02111561 0.02111561[] 
 []


Overfull \hbox (18.16008pt too wide) in paragraph at lines 755--755
[]\T1/lmtt/m/n/10.95 ## 10     prop.test 0 90 0.000000000  0.000000000 0.05101162 0.05101162[] 
 []


Overfull \hbox (18.16008pt too wide) in paragraph at lines 755--755
[]\T1/lmtt/m/n/10.95 ## 11        wilson 0 90 0.000000000  0.000000000 0.04093563 0.04093563[] 
 []

Package color Info: Redefining color shadecolor on input line 761.
Package color Info: Redefining color shadecolor on input line 775.
Package color Info: Redefining color shadecolor on input line 799.
[19]
Package color Info: Redefining color shadecolor on input line 813.
Package color Info: Redefining color shadecolor on input line 837.
Package atveryend Info: Empty hook `BeforeClearDocument' on input line 849.
 [20]
Package atveryend Info: Empty hook `AfterLastShipout' on input line 849.
 (/home/olek/semest_6/ADA/raporty/ada/sprawozdanie1/sprawozdanie1.3.aux)
Package atveryend Info: Executing hook `AtVeryEndDocument' on input line 849.
Package atveryend Info: Executing hook `AtEndAfterFileList' on input line 849.
Package rerunfilecheck Info: File `sprawozdanie1.3.out' has not changed.
(rerunfilecheck)             Checksum: 9772BB26A8DF39C6BFFDB61EAF1C84B0;1696.
Package atveryend Info: Empty hook `AtVeryVeryEnd' on input line 849.
 ) 
Here is how much of TeX's memory you used:
 7281 strings out of 481239
 108325 string characters out of 5920376
 368224 words of memory out of 5000000
 22295 multiletter control sequences out of 15000+600000
 579600 words of font info for 58 fonts, out of 8000000 for 9000
 1141 hyphenation exceptions out of 8191
 34i,7n,32p,691b,377s stack positions out of 5000i,500n,10000p,200000b,80000s
{/usr/share/texmf/fonts/enc/dvips/lm/lm-mathsy.enc}{/usr/share/texmf/fonts/enc/dvips/lm/lm-mathit.enc}{/usr/share/texmf/fonts/enc/dvips/lm/lm-rm.enc}{/usr/share/texmf/fonts/enc/dvips/lm/lm-ec.enc}</usr/share/texmf/fonts/type1/public/lm/lmbx12.pfb></usr/share/texmf/fonts/type1/public/lm/lmmi12.pfb></usr/share/texmf/fonts/type1/public/lm/lmmi8.pfb></usr/share/texmf/fonts/type1/public/lm/lmr10.pfb></usr/share/texmf/fonts/type1/public/lm/lmr12.pfb></usr/share/texmf/fonts/type1/public/lm/lmr17.pfb></usr/share/texmf/fonts/type1/public/lm/lmr8.pfb></usr/share/texmf/fonts/type1/public/lm/lmri10.pfb></usr/share/texmf/fonts/type1/public/lm/lmri12.pfb></usr/share/texmf/fonts/type1/public/lm/lmsy10.pfb></usr/share/texmf/fonts/type1/public/lm/lmsy8.pfb></usr/share/texmf/fonts/type1/public/lm/lmtk10.pfb></usr/share/texmf/fonts/type1/public/lm/lmtt10.pfb></usr/share/texmf/fonts/type1/public/lm/lmtt12.pfb></usr/share/texmf/fonts/type1/public/lm/lmtti10.pfb></usr/share/texlive/texmf-dist/fonts/type1/public/amsfonts/symbols/msbm10.pfb>
Output written on /home/olek/semest_6/ADA/raporty/ada/sprawozdanie1/sprawozdanie1.3.pdf (20 pages, 424751 bytes).
PDF statistics:
 385 PDF objects out of 1000 (max. 8388607)
 315 compressed objects within 4 object streams
 62 named destinations out of 1000 (max. 500000)
 260 words of extra memory for PDF output out of 10000 (max. 10000000)

