\BOOKMARK [1][-]{section*.1}{Lista 10}{}% 1
\BOOKMARK [2][-]{subsection*.2}{Zadanie 1}{section*.1}% 2
\BOOKMARK [2][-]{subsection*.3}{Zadanie 2}{section*.1}% 3
\BOOKMARK [2][-]{subsection*.4}{a\)}{section*.1}% 4
\BOOKMARK [2][-]{subsection*.5}{b\)}{section*.1}% 5
\BOOKMARK [2][-]{subsection*.6}{Zadanie 3}{section*.1}% 6
\BOOKMARK [1][-]{section*.7}{Lista 11}{}% 7
\BOOKMARK [2][-]{subsection*.8}{Zadanie 1}{section*.7}% 8
\BOOKMARK [3][-]{subsubsection.0.0.1}{Testowanie symetrii za pomoca testu ilorazu wiarygodnosci}{subsection*.8}% 9
\BOOKMARK [3][-]{subsubsection.0.0.2}{Testowanie quasi-symetrii}{subsection*.8}% 10
\BOOKMARK [3][-]{subsubsection.0.0.3}{Testowanie quasi-niezaleznosci}{subsection*.8}% 11
\BOOKMARK [2][-]{subsection*.9}{Zadanie 2}{section*.7}% 12
\BOOKMARK [1][-]{section*.10}{Lista 12,13 i 14}{}% 13
\BOOKMARK [2][-]{subsection*.11}{Zadanie 1}{section*.10}% 14
\BOOKMARK [2][-]{subsection*.12}{Zadanie 2}{section*.10}% 15
\BOOKMARK [2][-]{subsection*.13}{Model [12 3]}{section*.10}% 16
\BOOKMARK [3][-]{subsubsection*.14}{Pytanie 1.}{subsection*.13}% 17
\BOOKMARK [3][-]{subsubsection*.15}{Pytanie 2.}{subsection*.13}% 18
\BOOKMARK [2][-]{subsection*.16}{Model [12 23]}{section*.10}% 19
\BOOKMARK [3][-]{subsubsection*.17}{Pytanie 1.}{subsection*.16}% 20
\BOOKMARK [3][-]{subsubsection*.18}{Pytanie 2.}{subsection*.16}% 21
\BOOKMARK [2][-]{subsection*.19}{Zadanie 3}{section*.10}% 22
\BOOKMARK [2][-]{subsection*.20}{Pytanie 1.}{section*.10}% 23
\BOOKMARK [2][-]{subsection*.21}{Pytanie 2.}{section*.10}% 24
\BOOKMARK [2][-]{subsection*.22}{Pytanie 3.}{section*.10}% 25
\BOOKMARK [2][-]{subsection*.23}{Zadanie 4}{section*.10}% 26
